<?xml version="1.0" encoding="UTF-8"?>
<!-- Generated by org.testng.reporters.JUnitReportReporter -->
<testsuite hostname="DESKTOP-MG03N7G" failures="0" tests="1" name="com.flipkart.testCase.OrderItemTestCase" time="67.928" errors="0" timestamp="2022-10-10T15:04:13 IST" skipped="0">
  <testcase classname="com.flipkart.testCase.OrderItemTestCase" name="positiveTestCase" time="67.928"/>
  <system-out/>
</testsuite> <!-- com.flipkart.testCase.OrderItemTestCase -->
