<?xml version="1.0" encoding="UTF-8"?>
<!-- Generated by org.testng.reporters.JUnitReportReporter -->
<testsuite hostname="DESKTOP-MG03N7G" failures="0" tests="1" name="com.flipkart.testCase.OrderItemTestCase" time="74.689" errors="0" timestamp="2022-10-10T14:45:10 IST" skipped="0">
  <testcase classname="com.flipkart.testCase.OrderItemTestCase" name="positiveTestCase" time="74.689"/>
  <system-out/>
</testsuite> <!-- com.flipkart.testCase.OrderItemTestCase -->
